<?xml version="1.0" encoding="UTF-8"?>
<testng-results skipped="0" failed="0" total="1" passed="1">
  <reporter-output>
  </reporter-output>
  <suite name="Default suite" duration-ms="30181" started-at="2017-08-05T17:36:48Z" finished-at="2017-08-05T17:37:18Z">
    <groups>
    </groups>
    <test name="Default test" duration-ms="30181" started-at="2017-08-05T17:36:48Z" finished-at="2017-08-05T17:37:18Z">
      <class name="selenium.test.SimpleWorkflow">
        <test-method status="PASS" signature="beforeTest()[pri:0, instance:selenium.test.SimpleWorkflow@8bd1b6a]" name="beforeTest" is-config="true" duration-ms="9408" started-at="2017-08-05T23:06:48Z" finished-at="2017-08-05T23:06:57Z">
          <reporter-output>
          </reporter-output>
        </test-method> <!-- beforeTest -->
        <test-method status="PASS" signature="openURL()[pri:0, instance:selenium.test.SimpleWorkflow@8bd1b6a]" name="openURL" duration-ms="19409" started-at="2017-08-05T23:06:57Z" finished-at="2017-08-05T23:07:17Z">
          <reporter-output>
          </reporter-output>
        </test-method> <!-- openURL -->
        <test-method status="PASS" signature="afterTest()[pri:0, instance:selenium.test.SimpleWorkflow@8bd1b6a]" name="afterTest" is-config="true" duration-ms="1334" started-at="2017-08-05T23:07:17Z" finished-at="2017-08-05T23:07:18Z">
          <reporter-output>
          </reporter-output>
        </test-method> <!-- afterTest -->
      </class> <!-- selenium.test.SimpleWorkflow -->
    </test> <!-- Default test -->
  </suite> <!-- Default suite -->
</testng-results>
