<?xml version="1.0" encoding="UTF-8"?>
<testng-results skipped="0" failed="0" total="1" passed="1">
  <reporter-output>
  </reporter-output>
  <suite name="Main Suite" duration-ms="16053" started-at="2017-08-06T08:45:25Z" finished-at="2017-08-06T08:45:41Z">
    <groups>
    </groups>
    <test name="TestOnChrome" duration-ms="16053" started-at="2017-08-06T08:45:25Z" finished-at="2017-08-06T08:45:41Z">
      <class name="selenium.test.SimpleWorkflow">
        <test-method status="PASS" signature="beforeTest(java.lang.String)[pri:0, instance:selenium.test.SimpleWorkflow@d8355a8]" name="beforeTest" is-config="true" duration-ms="4348" started-at="2017-08-06T14:15:25Z" finished-at="2017-08-06T14:15:29Z">
          <params>
            <param index="0">
              <value>
                <![CDATA[chrome]]>
              </value>
            </param>
          </params>
          <reporter-output>
          </reporter-output>
        </test-method> <!-- beforeTest -->
        <test-method status="PASS" signature="openURL()[pri:0, instance:selenium.test.SimpleWorkflow@d8355a8]" name="openURL" duration-ms="10549" started-at="2017-08-06T14:15:29Z" finished-at="2017-08-06T14:15:40Z">
          <reporter-output>
          </reporter-output>
        </test-method> <!-- openURL -->
        <test-method status="PASS" signature="afterTest()[pri:0, instance:selenium.test.SimpleWorkflow@d8355a8]" name="afterTest" is-config="true" duration-ms="1142" started-at="2017-08-06T14:15:40Z" finished-at="2017-08-06T14:15:41Z">
          <reporter-output>
          </reporter-output>
        </test-method> <!-- afterTest -->
      </class> <!-- selenium.test.SimpleWorkflow -->
    </test> <!-- TestOnChrome -->
  </suite> <!-- Main Suite -->
</testng-results>
